#-----------------------------------------------------------
# Webtalk v2018.2 (64-bit)
# SW Build 2258646 on Thu Jun 14 20:02:38 MDT 2018
# 
# Start of session at: Fri Dec 13 16:06:20 2019
# Process ID: 22629
# Current directory: /home/user/Documents/temp/embedded-final-project/project-code/guitar_tuner/guitar_tuner.sdk/webtalk
# Command line: wbtcv -mode batch -source sdk_webtalk.tcl
# Log file: /home/user/Documents/temp/embedded-final-project/project-code/guitar_tuner/guitar_tuner.sdk/webtalk/webtalk.log
# Journal file: /home/user/Documents/temp/embedded-final-project/project-code/guitar_tuner/guitar_tuner.sdk/webtalk/webtalk.jou
#-----------------------------------------------------------
source sdk_webtalk.tcl
# webtalk_init -webtalk_dir /home/user/Documents/temp/embedded-final-project/project-code/guitar_tuner/guitar_tuner.sdk/webtalk
# webtalk_register_client -client project
# webtalk_add_data -client project -key date_generated -value "2019-12-13 16:06:19" -context "software_version_and_target_device"
# webtalk_add_data -client project -key product_version -value "SDK v2018.2" -context "software_version_and_target_device"
# webtalk_add_data -client project -key build_version -value "2018.2" -context "software_version_and_target_device"
# webtalk_add_data -client project -key os_platform -value "amd64" -context "software_version_and_target_device"
# webtalk_add_data -client project -key registration_id -value "" -context "software_version_and_target_device"
# webtalk_add_data -client project -key tool_flow -value "SDK" -context "software_version_and_target_device"
# webtalk_add_data -client project -key beta -value "false" -context "software_version_and_target_device"
# webtalk_add_data -client project -key route_design -value "NA" -context "software_version_and_target_device"
# webtalk_add_data -client project -key target_family -value "NA" -context "software_version_and_target_device"
# webtalk_add_data -client project -key target_device -value "NA" -context "software_version_and_target_device"
# webtalk_add_data -client project -key target_package -value "NA" -context "software_version_and_target_device"
# webtalk_add_data -client project -key target_speed -value "NA" -context "software_version_and_target_device"
# webtalk_add_data -client project -key random_id -value "s6dhd3buok99gb6b9jh7kttpgq" -context "software_version_and_target_device"
# webtalk_add_data -client project -key project_id -value "2018.2_3" -context "software_version_and_target_device"
# webtalk_add_data -client project -key project_iteration -value "3" -context "software_version_and_target_device"
# webtalk_add_data -client project -key os_name -value "Ubuntu" -context "user_environment"
# webtalk_add_data -client project -key os_release -value "Ubuntu 16.04.5 LTS" -context "user_environment"
# webtalk_add_data -client project -key cpu_name -value "Intel(R) Core(TM) i7-7700 CPU @ 3.60GHz" -context "user_environment"
# webtalk_add_data -client project -key cpu_speed -value "1811.531 MHz" -context "user_environment"
# webtalk_add_data -client project -key total_processors -value "1" -context "user_environment"
# webtalk_add_data -client project -key system_ram -value "16.752 GB" -context "user_environment"
# webtalk_register_client -client sdk
# webtalk_add_data -client sdk -key uid -value "1576267443000" -context "sdk\\\\hardware/1576267443000"
# webtalk_add_data -client sdk -key isZynq -value "true" -context "sdk\\\\hardware/1576267443000"
# webtalk_add_data -client sdk -key isZynqMP -value "false" -context "sdk\\\\hardware/1576267443000"
# webtalk_add_data -client sdk -key Processors -value "2" -context "sdk\\\\hardware/1576267443000"
# webtalk_add_data -client sdk -key VivadoVersion -value "2018.2" -context "sdk\\\\hardware/1576267443000"
# webtalk_add_data -client sdk -key Arch -value "zynq" -context "sdk\\\\hardware/1576267443000"
# webtalk_add_data -client sdk -key Device -value "7z010" -context "sdk\\\\hardware/1576267443000"
# webtalk_add_data -client sdk -key IsHandoff -value "true" -context "sdk\\\\hardware/1576267443000"
# webtalk_add_data -client sdk -key os -value "NA" -context "sdk\\\\hardware/1576267443000"
# webtalk_add_data -client sdk -key apptemplate -value "NA" -context "sdk\\\\hardware/1576267443000"
# webtalk_add_data -client sdk -key RecordType -value "HWCreation" -context "sdk\\\\hardware/1576267443000"
# webtalk_add_data -client sdk -key uid -value "1576268755000" -context "sdk\\\\bsp/1576268755000"
# webtalk_add_data -client sdk -key hwid -value "1576267443000" -context "sdk\\\\bsp/1576268755000"
# webtalk_add_data -client sdk -key os -value "standalone" -context "sdk\\\\bsp/1576268755000"
# webtalk_add_data -client sdk -key apptemplate -value "hello_world" -context "sdk\\\\bsp/1576268755000"
# webtalk_add_data -client sdk -key RecordType -value "BSPCreation" -context "sdk\\\\bsp/1576268755000"
# webtalk_add_data -client sdk -key projSize -value "322.66015625" -context "sdk\\\\bsp/1576268755000"
# webtalk_add_data -client sdk -key uid -value "1576268755000" -context "sdk\\\\application/1576268755000"
# webtalk_add_data -client sdk -key hwid -value "1576267443000" -context "sdk\\\\application/1576268755000"
# webtalk_add_data -client sdk -key bspid -value "1576268755000" -context "sdk\\\\application/1576268755000"
# webtalk_add_data -client sdk -key newbsp -value "true" -context "sdk\\\\application/1576268755000"
# webtalk_add_data -client sdk -key os -value "standalone" -context "sdk\\\\application/1576268755000"
# webtalk_add_data -client sdk -key apptemplate -value "hello_world" -context "sdk\\\\application/1576268755000"
# webtalk_add_data -client sdk -key RecordType -value "APPCreation" -context "sdk\\\\application/1576268755000"
# webtalk_add_data -client sdk -key LangUsed -value "C" -context "sdk\\\\application/1576268755000"
# webtalk_add_data -client sdk -key Procused -value "ps7_cortexa9" -context "sdk\\\\application/1576268755000"
# webtalk_add_data -client sdk -key projSize -value "322.66015625" -context "sdk\\\\application/1576268755000"
# webtalk_add_data -client sdk -key uid -value "NA" -context "sdk\\\\bsp/1576271179911"
# webtalk_add_data -client sdk -key RecordType -value "ToolUsage" -context "sdk\\\\bsp/1576271179911"
# webtalk_add_data -client sdk -key BootgenCount -value "0" -context "sdk\\\\bsp/1576271179911"
# webtalk_add_data -client sdk -key DebugCount -value "0" -context "sdk\\\\bsp/1576271179911"
# webtalk_add_data -client sdk -key PerfCount -value "0" -context "sdk\\\\bsp/1576271179911"
# webtalk_add_data -client sdk -key FlashCount -value "0" -context "sdk\\\\bsp/1576271179911"
# webtalk_add_data -client sdk -key CrossTriggCount -value "0" -context "sdk\\\\bsp/1576271179911"
# webtalk_add_data -client sdk -key QemuDebugCount -value "0" -context "sdk\\\\bsp/1576271179911"
# webtalk_transmit -clientid 4271639740 -regid "" -xml /home/user/Documents/temp/embedded-final-project/project-code/guitar_tuner/guitar_tuner.sdk/webtalk/usage_statistics_ext_sdk.xml -html /home/user/Documents/temp/embedded-final-project/project-code/guitar_tuner/guitar_tuner.sdk/webtalk/usage_statistics_ext_sdk.html -wdm /home/user/Documents/temp/embedded-final-project/project-code/guitar_tuner/guitar_tuner.sdk/webtalk/sdk_webtalk.wdm -intro "<H3>SDK Usage Report</H3><BR>"
INFO: [Common 17-186] '/home/user/Documents/temp/embedded-final-project/project-code/guitar_tuner/guitar_tuner.sdk/webtalk/usage_statistics_ext_sdk.xml' has been successfully sent to Xilinx on Fri Dec 13 16:06:22 2019. For additional details about this file, please refer to the WebTalk help file at /usr/local/xilinx/SDK/2018.2/doc/webtalk_introduction.html.
# webtalk_terminate
INFO: [Common 17-206] Exiting Webtalk at Fri Dec 13 16:06:22 2019...
