21:22:56 INFO  : Registering command handlers for SDK TCF services
21:22:56 INFO  : Launching XSCT server: xsct -n -interactive /home/user/Documents/embedded-final-project/project-code/guitar_tuner/guitar_tuner.sdk/temp_xsdb_launch_script.tcl
21:22:57 INFO  : XSCT server has started successfully.
21:22:57 INFO  : Successfully done setting XSCT server connection channel  
21:22:57 INFO  : Successfully done setting SDK workspace  
21:22:57 INFO  : Processing command line option -hwspec /home/user/Documents/embedded-final-project/project-code/guitar_tuner/guitar_tuner.sdk/design_1_wrapper.hdf.
21:23:59 INFO  : 'targets -set -filter {jtag_cable_name =~ "Digilent Zybo 210279A42C55A" && level==0} -index 1' command is executed.
21:23:59 INFO  : 'fpga -state' command is executed.
21:23:59 INFO  : Connected to target on host '127.0.0.1' and port '3121'.
21:23:59 INFO  : Jtag cable 'Digilent Zybo 210279A42C55A' is selected.
21:23:59 INFO  : 'jtag frequency' command is executed.
21:23:59 INFO  : Sourcing of '/home/user/Documents/embedded-final-project/project-code/guitar_tuner/guitar_tuner.sdk/design_1_wrapper_hw_platform_0/ps7_init.tcl' is done.
21:23:59 INFO  : Context for 'APU' is selected.
21:23:59 INFO  : Hardware design information is loaded from '/home/user/Documents/embedded-final-project/project-code/guitar_tuner/guitar_tuner.sdk/design_1_wrapper_hw_platform_0/system.hdf'.
21:23:59 INFO  : 'configparams force-mem-access 1' command is executed.
21:23:59 INFO  : Context for 'APU' is selected.
21:23:59 INFO  : 'stop' command is executed.
21:23:59 INFO  : 'ps7_init' command is executed.
21:23:59 INFO  : 'ps7_post_config' command is executed.
21:23:59 INFO  : Context for processor 'ps7_cortexa9_0' is selected.
21:23:59 INFO  : Processor reset is completed for 'ps7_cortexa9_0'.
21:23:59 INFO  : Context for processor 'ps7_cortexa9_0' is selected.
21:24:00 INFO  : The application '/home/user/Documents/embedded-final-project/project-code/guitar_tuner/guitar_tuner.sdk/guitar-tuner/Debug/guitar-tuner.elf' is downloaded to processor 'ps7_cortexa9_0'.
21:24:00 INFO  : 'configparams force-mem-access 0' command is executed.
21:24:00 INFO  : ----------------XSDB Script----------------
connect -url tcp:127.0.0.1:3121
source /home/user/Documents/embedded-final-project/project-code/guitar_tuner/guitar_tuner.sdk/design_1_wrapper_hw_platform_0/ps7_init.tcl
targets -set -nocase -filter {name =~"APU*" && jtag_cable_name =~ "Digilent Zybo 210279A42C55A"} -index 0
loadhw -hw /home/user/Documents/embedded-final-project/project-code/guitar_tuner/guitar_tuner.sdk/design_1_wrapper_hw_platform_0/system.hdf -mem-ranges [list {0x40000000 0xbfffffff}]
configparams force-mem-access 1
targets -set -nocase -filter {name =~"APU*" && jtag_cable_name =~ "Digilent Zybo 210279A42C55A"} -index 0
stop
ps7_init
ps7_post_config
targets -set -nocase -filter {name =~ "ARM*#0" && jtag_cable_name =~ "Digilent Zybo 210279A42C55A"} -index 0
rst -processor
targets -set -nocase -filter {name =~ "ARM*#0" && jtag_cable_name =~ "Digilent Zybo 210279A42C55A"} -index 0
dow /home/user/Documents/embedded-final-project/project-code/guitar_tuner/guitar_tuner.sdk/guitar-tuner/Debug/guitar-tuner.elf
configparams force-mem-access 0
----------------End of Script----------------

21:24:00 INFO  : Context for processor 'ps7_cortexa9_0' is selected.
21:24:00 INFO  : 'con' command is executed.
21:24:00 INFO  : ----------------XSDB Script (After Launch)----------------
targets -set -nocase -filter {name =~ "ARM*#0" && jtag_cable_name =~ "Digilent Zybo 210279A42C55A"} -index 0
con
----------------End of Script----------------

21:24:00 INFO  : Disconnected from the channel tcfchan#1.
21:28:54 INFO  : Connected to target on host '127.0.0.1' and port '3121'.
21:28:54 INFO  : 'targets -set -filter {jtag_cable_name =~ "Digilent Zybo 210279A42C55A" && level==0} -index 1' command is executed.
21:28:56 INFO  : FPGA configured successfully with bitstream "/home/user/Documents/embedded-final-project/project-code/guitar_tuner/guitar_tuner.sdk/design_1_wrapper_hw_platform_0/design_1_wrapper.bit"
21:29:04 INFO  : 'targets -set -filter {jtag_cable_name =~ "Digilent Zybo 210279A42C55A" && level==0} -index 1' command is executed.
21:29:04 INFO  : 'fpga -state' command is executed.
21:29:04 INFO  : Connected to target on host '127.0.0.1' and port '3121'.
21:29:04 INFO  : Jtag cable 'Digilent Zybo 210279A42C55A' is selected.
21:29:04 INFO  : 'jtag frequency' command is executed.
21:29:04 INFO  : Sourcing of '/home/user/Documents/embedded-final-project/project-code/guitar_tuner/guitar_tuner.sdk/design_1_wrapper_hw_platform_0/ps7_init.tcl' is done.
21:29:04 INFO  : Context for 'APU' is selected.
21:29:04 INFO  : Hardware design information is loaded from '/home/user/Documents/embedded-final-project/project-code/guitar_tuner/guitar_tuner.sdk/design_1_wrapper_hw_platform_0/system.hdf'.
21:29:04 INFO  : 'configparams force-mem-access 1' command is executed.
21:29:04 INFO  : Context for 'APU' is selected.
21:29:04 INFO  : 'stop' command is executed.
21:29:04 INFO  : 'ps7_init' command is executed.
21:29:04 INFO  : 'ps7_post_config' command is executed.
21:29:04 INFO  : Context for processor 'ps7_cortexa9_0' is selected.
21:29:04 INFO  : Processor reset is completed for 'ps7_cortexa9_0'.
21:29:04 INFO  : Context for processor 'ps7_cortexa9_0' is selected.
21:29:04 INFO  : The application '/home/user/Documents/embedded-final-project/project-code/guitar_tuner/guitar_tuner.sdk/guitar-tuner/Debug/guitar-tuner.elf' is downloaded to processor 'ps7_cortexa9_0'.
21:29:04 INFO  : 'configparams force-mem-access 0' command is executed.
21:29:04 INFO  : ----------------XSDB Script----------------
connect -url tcp:127.0.0.1:3121
source /home/user/Documents/embedded-final-project/project-code/guitar_tuner/guitar_tuner.sdk/design_1_wrapper_hw_platform_0/ps7_init.tcl
targets -set -nocase -filter {name =~"APU*" && jtag_cable_name =~ "Digilent Zybo 210279A42C55A"} -index 0
loadhw -hw /home/user/Documents/embedded-final-project/project-code/guitar_tuner/guitar_tuner.sdk/design_1_wrapper_hw_platform_0/system.hdf -mem-ranges [list {0x40000000 0xbfffffff}]
configparams force-mem-access 1
targets -set -nocase -filter {name =~"APU*" && jtag_cable_name =~ "Digilent Zybo 210279A42C55A"} -index 0
stop
ps7_init
ps7_post_config
targets -set -nocase -filter {name =~ "ARM*#0" && jtag_cable_name =~ "Digilent Zybo 210279A42C55A"} -index 0
rst -processor
targets -set -nocase -filter {name =~ "ARM*#0" && jtag_cable_name =~ "Digilent Zybo 210279A42C55A"} -index 0
dow /home/user/Documents/embedded-final-project/project-code/guitar_tuner/guitar_tuner.sdk/guitar-tuner/Debug/guitar-tuner.elf
configparams force-mem-access 0
----------------End of Script----------------

21:29:04 INFO  : Context for processor 'ps7_cortexa9_0' is selected.
21:29:04 INFO  : 'con' command is executed.
21:29:04 INFO  : ----------------XSDB Script (After Launch)----------------
targets -set -nocase -filter {name =~ "ARM*#0" && jtag_cable_name =~ "Digilent Zybo 210279A42C55A"} -index 0
con
----------------End of Script----------------

21:29:04 INFO  : Disconnected from the channel tcfchan#2.
21:29:36 INFO  : 'targets -set -filter {jtag_cable_name =~ "Digilent Zybo 210279A42C55A" && level==0} -index 1' command is executed.
21:29:36 INFO  : 'fpga -state' command is executed.
21:29:36 INFO  : Connected to target on host '127.0.0.1' and port '3121'.
21:29:36 INFO  : Jtag cable 'Digilent Zybo 210279A42C55A' is selected.
21:29:36 INFO  : 'jtag frequency' command is executed.
21:29:36 INFO  : Sourcing of '/home/user/Documents/embedded-final-project/project-code/guitar_tuner/guitar_tuner.sdk/design_1_wrapper_hw_platform_0/ps7_init.tcl' is done.
21:29:36 INFO  : Context for 'APU' is selected.
21:29:38 INFO  : Hardware design information is loaded from '/home/user/Documents/embedded-final-project/project-code/guitar_tuner/guitar_tuner.sdk/design_1_wrapper_hw_platform_0/system.hdf'.
21:29:38 INFO  : 'configparams force-mem-access 1' command is executed.
21:29:38 INFO  : Context for 'APU' is selected.
21:29:38 INFO  : 'stop' command is executed.
21:29:38 INFO  : 'ps7_init' command is executed.
21:29:38 INFO  : 'ps7_post_config' command is executed.
21:29:38 INFO  : Context for processor 'ps7_cortexa9_0' is selected.
21:29:38 INFO  : Processor reset is completed for 'ps7_cortexa9_0'.
21:29:38 INFO  : Context for processor 'ps7_cortexa9_0' is selected.
21:29:38 INFO  : The application '/home/user/Documents/embedded-final-project/project-code/guitar_tuner/guitar_tuner.sdk/guitar-tuner/Debug/guitar-tuner.elf' is downloaded to processor 'ps7_cortexa9_0'.
21:29:38 INFO  : 'configparams force-mem-access 0' command is executed.
21:29:38 INFO  : ----------------XSDB Script----------------
connect -url tcp:127.0.0.1:3121
source /home/user/Documents/embedded-final-project/project-code/guitar_tuner/guitar_tuner.sdk/design_1_wrapper_hw_platform_0/ps7_init.tcl
targets -set -nocase -filter {name =~"APU*" && jtag_cable_name =~ "Digilent Zybo 210279A42C55A"} -index 0
loadhw -hw /home/user/Documents/embedded-final-project/project-code/guitar_tuner/guitar_tuner.sdk/design_1_wrapper_hw_platform_0/system.hdf -mem-ranges [list {0x40000000 0xbfffffff}]
configparams force-mem-access 1
targets -set -nocase -filter {name =~"APU*" && jtag_cable_name =~ "Digilent Zybo 210279A42C55A"} -index 0
stop
ps7_init
ps7_post_config
targets -set -nocase -filter {name =~ "ARM*#0" && jtag_cable_name =~ "Digilent Zybo 210279A42C55A"} -index 0
rst -processor
targets -set -nocase -filter {name =~ "ARM*#0" && jtag_cable_name =~ "Digilent Zybo 210279A42C55A"} -index 0
dow /home/user/Documents/embedded-final-project/project-code/guitar_tuner/guitar_tuner.sdk/guitar-tuner/Debug/guitar-tuner.elf
configparams force-mem-access 0
----------------End of Script----------------

21:29:38 INFO  : Context for processor 'ps7_cortexa9_0' is selected.
21:29:38 INFO  : 'con' command is executed.
21:29:38 INFO  : ----------------XSDB Script (After Launch)----------------
targets -set -nocase -filter {name =~ "ARM*#0" && jtag_cable_name =~ "Digilent Zybo 210279A42C55A"} -index 0
con
----------------End of Script----------------

21:29:38 INFO  : Disconnected from the channel tcfchan#3.
21:30:44 INFO  : 'targets -set -filter {jtag_cable_name =~ "Digilent Zybo 210279A42C55A" && level==0} -index 1' command is executed.
21:30:44 INFO  : 'fpga -state' command is executed.
21:30:44 INFO  : Connected to target on host '127.0.0.1' and port '3121'.
21:30:45 INFO  : Jtag cable 'Digilent Zybo 210279A42C55A' is selected.
21:30:45 INFO  : 'jtag frequency' command is executed.
21:30:45 INFO  : Sourcing of '/home/user/Documents/embedded-final-project/project-code/guitar_tuner/guitar_tuner.sdk/design_1_wrapper_hw_platform_0/ps7_init.tcl' is done.
21:30:45 INFO  : Context for 'APU' is selected.
21:30:46 INFO  : Hardware design information is loaded from '/home/user/Documents/embedded-final-project/project-code/guitar_tuner/guitar_tuner.sdk/design_1_wrapper_hw_platform_0/system.hdf'.
21:30:46 INFO  : 'configparams force-mem-access 1' command is executed.
21:30:46 INFO  : Context for 'APU' is selected.
21:30:46 INFO  : 'stop' command is executed.
21:30:46 INFO  : 'ps7_init' command is executed.
21:30:46 INFO  : 'ps7_post_config' command is executed.
21:30:46 INFO  : Context for processor 'ps7_cortexa9_0' is selected.
21:30:46 INFO  : Processor reset is completed for 'ps7_cortexa9_0'.
21:30:46 INFO  : Context for processor 'ps7_cortexa9_0' is selected.
21:30:46 INFO  : The application '/home/user/Documents/embedded-final-project/project-code/guitar_tuner/guitar_tuner.sdk/guitar-tuner/Debug/guitar-tuner.elf' is downloaded to processor 'ps7_cortexa9_0'.
21:30:46 INFO  : 'configparams force-mem-access 0' command is executed.
21:30:46 INFO  : ----------------XSDB Script----------------
connect -url tcp:127.0.0.1:3121
source /home/user/Documents/embedded-final-project/project-code/guitar_tuner/guitar_tuner.sdk/design_1_wrapper_hw_platform_0/ps7_init.tcl
targets -set -nocase -filter {name =~"APU*" && jtag_cable_name =~ "Digilent Zybo 210279A42C55A"} -index 0
loadhw -hw /home/user/Documents/embedded-final-project/project-code/guitar_tuner/guitar_tuner.sdk/design_1_wrapper_hw_platform_0/system.hdf -mem-ranges [list {0x40000000 0xbfffffff}]
configparams force-mem-access 1
targets -set -nocase -filter {name =~"APU*" && jtag_cable_name =~ "Digilent Zybo 210279A42C55A"} -index 0
stop
ps7_init
ps7_post_config
targets -set -nocase -filter {name =~ "ARM*#0" && jtag_cable_name =~ "Digilent Zybo 210279A42C55A"} -index 0
rst -processor
targets -set -nocase -filter {name =~ "ARM*#0" && jtag_cable_name =~ "Digilent Zybo 210279A42C55A"} -index 0
dow /home/user/Documents/embedded-final-project/project-code/guitar_tuner/guitar_tuner.sdk/guitar-tuner/Debug/guitar-tuner.elf
configparams force-mem-access 0
----------------End of Script----------------

21:30:46 INFO  : Context for processor 'ps7_cortexa9_0' is selected.
21:30:46 INFO  : 'con' command is executed.
21:30:46 INFO  : ----------------XSDB Script (After Launch)----------------
targets -set -nocase -filter {name =~ "ARM*#0" && jtag_cable_name =~ "Digilent Zybo 210279A42C55A"} -index 0
con
----------------End of Script----------------

21:30:46 INFO  : Disconnected from the channel tcfchan#4.
21:31:54 INFO  : 'targets -set -filter {jtag_cable_name =~ "Digilent Zybo 210279A42C55A" && level==0} -index 1' command is executed.
21:31:54 INFO  : 'fpga -state' command is executed.
21:31:54 INFO  : Connected to target on host '127.0.0.1' and port '3121'.
21:31:54 INFO  : Jtag cable 'Digilent Zybo 210279A42C55A' is selected.
21:31:54 INFO  : 'jtag frequency' command is executed.
21:31:54 INFO  : Sourcing of '/home/user/Documents/embedded-final-project/project-code/guitar_tuner/guitar_tuner.sdk/design_1_wrapper_hw_platform_0/ps7_init.tcl' is done.
21:31:54 INFO  : Context for 'APU' is selected.
21:31:55 INFO  : Hardware design information is loaded from '/home/user/Documents/embedded-final-project/project-code/guitar_tuner/guitar_tuner.sdk/design_1_wrapper_hw_platform_0/system.hdf'.
21:31:55 INFO  : 'configparams force-mem-access 1' command is executed.
21:31:55 INFO  : Context for 'APU' is selected.
21:31:55 INFO  : 'stop' command is executed.
21:31:55 INFO  : 'ps7_init' command is executed.
21:31:55 INFO  : 'ps7_post_config' command is executed.
21:31:55 INFO  : Context for processor 'ps7_cortexa9_0' is selected.
21:31:55 INFO  : Processor reset is completed for 'ps7_cortexa9_0'.
21:31:55 INFO  : Context for processor 'ps7_cortexa9_0' is selected.
21:31:55 INFO  : The application '/home/user/Documents/embedded-final-project/project-code/guitar_tuner/guitar_tuner.sdk/guitar-tuner/Debug/guitar-tuner.elf' is downloaded to processor 'ps7_cortexa9_0'.
21:31:55 INFO  : 'configparams force-mem-access 0' command is executed.
21:31:55 INFO  : ----------------XSDB Script----------------
connect -url tcp:127.0.0.1:3121
source /home/user/Documents/embedded-final-project/project-code/guitar_tuner/guitar_tuner.sdk/design_1_wrapper_hw_platform_0/ps7_init.tcl
targets -set -nocase -filter {name =~"APU*" && jtag_cable_name =~ "Digilent Zybo 210279A42C55A"} -index 0
loadhw -hw /home/user/Documents/embedded-final-project/project-code/guitar_tuner/guitar_tuner.sdk/design_1_wrapper_hw_platform_0/system.hdf -mem-ranges [list {0x40000000 0xbfffffff}]
configparams force-mem-access 1
targets -set -nocase -filter {name =~"APU*" && jtag_cable_name =~ "Digilent Zybo 210279A42C55A"} -index 0
stop
ps7_init
ps7_post_config
targets -set -nocase -filter {name =~ "ARM*#0" && jtag_cable_name =~ "Digilent Zybo 210279A42C55A"} -index 0
rst -processor
targets -set -nocase -filter {name =~ "ARM*#0" && jtag_cable_name =~ "Digilent Zybo 210279A42C55A"} -index 0
dow /home/user/Documents/embedded-final-project/project-code/guitar_tuner/guitar_tuner.sdk/guitar-tuner/Debug/guitar-tuner.elf
configparams force-mem-access 0
----------------End of Script----------------

21:31:55 INFO  : Context for processor 'ps7_cortexa9_0' is selected.
21:31:55 INFO  : 'con' command is executed.
21:31:55 INFO  : ----------------XSDB Script (After Launch)----------------
targets -set -nocase -filter {name =~ "ARM*#0" && jtag_cable_name =~ "Digilent Zybo 210279A42C55A"} -index 0
con
----------------End of Script----------------

21:31:55 INFO  : Disconnected from the channel tcfchan#5.
21:32:16 INFO  : 'targets -set -filter {jtag_cable_name =~ "Digilent Zybo 210279A42C55A" && level==0} -index 1' command is executed.
21:32:16 INFO  : 'fpga -state' command is executed.
21:32:16 INFO  : Connected to target on host '127.0.0.1' and port '3121'.
21:32:16 INFO  : Jtag cable 'Digilent Zybo 210279A42C55A' is selected.
21:32:16 INFO  : 'jtag frequency' command is executed.
21:32:16 INFO  : Sourcing of '/home/user/Documents/embedded-final-project/project-code/guitar_tuner/guitar_tuner.sdk/design_1_wrapper_hw_platform_0/ps7_init.tcl' is done.
21:32:16 INFO  : Context for 'APU' is selected.
21:32:17 INFO  : Hardware design information is loaded from '/home/user/Documents/embedded-final-project/project-code/guitar_tuner/guitar_tuner.sdk/design_1_wrapper_hw_platform_0/system.hdf'.
21:32:17 INFO  : 'configparams force-mem-access 1' command is executed.
21:32:17 INFO  : Context for 'APU' is selected.
21:32:17 INFO  : 'stop' command is executed.
21:32:18 INFO  : 'ps7_init' command is executed.
21:32:18 INFO  : 'ps7_post_config' command is executed.
21:32:18 INFO  : Context for processor 'ps7_cortexa9_0' is selected.
21:32:18 INFO  : Processor reset is completed for 'ps7_cortexa9_0'.
21:32:18 INFO  : Context for processor 'ps7_cortexa9_0' is selected.
21:32:18 INFO  : The application '/home/user/Documents/embedded-final-project/project-code/guitar_tuner/guitar_tuner.sdk/guitar-tuner/Debug/guitar-tuner.elf' is downloaded to processor 'ps7_cortexa9_0'.
21:32:18 INFO  : 'configparams force-mem-access 0' command is executed.
21:32:18 INFO  : ----------------XSDB Script----------------
connect -url tcp:127.0.0.1:3121
source /home/user/Documents/embedded-final-project/project-code/guitar_tuner/guitar_tuner.sdk/design_1_wrapper_hw_platform_0/ps7_init.tcl
targets -set -nocase -filter {name =~"APU*" && jtag_cable_name =~ "Digilent Zybo 210279A42C55A"} -index 0
loadhw -hw /home/user/Documents/embedded-final-project/project-code/guitar_tuner/guitar_tuner.sdk/design_1_wrapper_hw_platform_0/system.hdf -mem-ranges [list {0x40000000 0xbfffffff}]
configparams force-mem-access 1
targets -set -nocase -filter {name =~"APU*" && jtag_cable_name =~ "Digilent Zybo 210279A42C55A"} -index 0
stop
ps7_init
ps7_post_config
targets -set -nocase -filter {name =~ "ARM*#0" && jtag_cable_name =~ "Digilent Zybo 210279A42C55A"} -index 0
rst -processor
targets -set -nocase -filter {name =~ "ARM*#0" && jtag_cable_name =~ "Digilent Zybo 210279A42C55A"} -index 0
dow /home/user/Documents/embedded-final-project/project-code/guitar_tuner/guitar_tuner.sdk/guitar-tuner/Debug/guitar-tuner.elf
configparams force-mem-access 0
----------------End of Script----------------

21:32:18 INFO  : Context for processor 'ps7_cortexa9_0' is selected.
21:32:18 INFO  : 'con' command is executed.
21:32:18 INFO  : ----------------XSDB Script (After Launch)----------------
targets -set -nocase -filter {name =~ "ARM*#0" && jtag_cable_name =~ "Digilent Zybo 210279A42C55A"} -index 0
con
----------------End of Script----------------

21:32:18 INFO  : Disconnected from the channel tcfchan#6.
