14:06:16 INFO  : Registering command handlers for SDK TCF services
14:06:17 INFO  : Launching XSCT server: xsct -n -interactive /home/user/Documents/temp/embedded-final-project/project-code/guitar_tuner/temp_xsdb_launch_script.tcl
14:06:18 INFO  : XSCT server has started successfully.
14:06:18 INFO  : Successfully done setting XSCT server connection channel  
14:06:18 INFO  : Successfully done setting SDK workspace  
14:07:13 INFO  : Connected to target on host '127.0.0.1' and port '3121'.
14:07:13 INFO  : 'targets -set -filter {jtag_cable_name =~ "Digilent Zybo 210279A42867A" && level==0} -index 1' command is executed.
14:07:14 INFO  : FPGA configured successfully with bitstream "/home/user/Documents/temp/embedded-final-project/project-code/guitar_tuner/guitar_tuner.sdk/design_1_wrapper_hw_platform_0/design_1_wrapper.bit"
14:07:22 INFO  : 'targets -set -filter {jtag_cable_name =~ "Digilent Zybo 210279A42867A" && level==0} -index 1' command is executed.
14:07:22 INFO  : 'fpga -state' command is executed.
14:07:22 INFO  : Connected to target on host '127.0.0.1' and port '3121'.
14:07:22 INFO  : Jtag cable 'Digilent Zybo 210279A42867A' is selected.
14:07:22 INFO  : 'jtag frequency' command is executed.
14:07:22 INFO  : Sourcing of '/home/user/Documents/temp/embedded-final-project/project-code/guitar_tuner/guitar_tuner.sdk/design_1_wrapper_hw_platform_0/ps7_init.tcl' is done.
14:07:22 INFO  : Context for 'APU' is selected.
14:07:22 INFO  : Hardware design information is loaded from '/home/user/Documents/temp/embedded-final-project/project-code/guitar_tuner/guitar_tuner.sdk/design_1_wrapper_hw_platform_0/system.hdf'.
14:07:22 INFO  : 'configparams force-mem-access 1' command is executed.
14:07:22 INFO  : Context for 'APU' is selected.
14:07:22 INFO  : 'stop' command is executed.
14:07:22 ERROR : Memory read error at 0xF8007080. AHB AP transaction error, DAP status f0000021
14:07:22 INFO  : ----------------XSDB Script----------------
connect -url tcp:127.0.0.1:3121
source /home/user/Documents/temp/embedded-final-project/project-code/guitar_tuner/guitar_tuner.sdk/design_1_wrapper_hw_platform_0/ps7_init.tcl
targets -set -nocase -filter {name =~"APU*" && jtag_cable_name =~ "Digilent Zybo 210279A42867A"} -index 0
loadhw -hw /home/user/Documents/temp/embedded-final-project/project-code/guitar_tuner/guitar_tuner.sdk/design_1_wrapper_hw_platform_0/system.hdf -mem-ranges [list {0x40000000 0xbfffffff}]
configparams force-mem-access 1
targets -set -nocase -filter {name =~"APU*" && jtag_cable_name =~ "Digilent Zybo 210279A42867A"} -index 0
stop
ps7_init
----------------End of Script----------------

14:07:32 INFO  : Connected to target on host '127.0.0.1' and port '3121'.
14:07:32 INFO  : 'targets -set -filter {jtag_cable_name =~ "Digilent Zybo 210279A42867A" && level==0} -index 1' command is executed.
14:07:33 INFO  : FPGA configured successfully with bitstream "/home/user/Documents/temp/embedded-final-project/project-code/guitar_tuner/guitar_tuner.sdk/design_1_wrapper_hw_platform_0/design_1_wrapper.bit"
14:07:47 INFO  : 'targets -set -filter {jtag_cable_name =~ "Digilent Zybo 210279A42867A" && level==0} -index 1' command is executed.
14:07:47 INFO  : 'fpga -state' command is executed.
14:07:47 INFO  : Connected to target on host '127.0.0.1' and port '3121'.
14:07:47 INFO  : Jtag cable 'Digilent Zybo 210279A42867A' is selected.
14:07:47 INFO  : 'jtag frequency' command is executed.
14:07:47 INFO  : Sourcing of '/home/user/Documents/temp/embedded-final-project/project-code/guitar_tuner/guitar_tuner.sdk/design_1_wrapper_hw_platform_0/ps7_init.tcl' is done.
14:07:47 INFO  : Context for 'APU' is selected.
14:07:47 INFO  : Hardware design information is loaded from '/home/user/Documents/temp/embedded-final-project/project-code/guitar_tuner/guitar_tuner.sdk/design_1_wrapper_hw_platform_0/system.hdf'.
14:07:47 INFO  : 'configparams force-mem-access 1' command is executed.
14:07:47 INFO  : Context for 'APU' is selected.
14:07:47 INFO  : 'stop' command is executed.
14:07:47 INFO  : 'ps7_init' command is executed.
14:07:47 INFO  : 'ps7_post_config' command is executed.
14:07:47 INFO  : Context for processor 'ps7_cortexa9_0' is selected.
14:07:47 INFO  : Processor reset is completed for 'ps7_cortexa9_0'.
14:07:47 INFO  : Context for processor 'ps7_cortexa9_0' is selected.
14:07:47 INFO  : The application '/home/user/Documents/temp/embedded-final-project/project-code/guitar_tuner/guitar_tuner.sdk/guitar-tuner/Debug/guitar-tuner.elf' is downloaded to processor 'ps7_cortexa9_0'.
14:07:47 INFO  : 'configparams force-mem-access 0' command is executed.
14:07:47 INFO  : ----------------XSDB Script----------------
connect -url tcp:127.0.0.1:3121
source /home/user/Documents/temp/embedded-final-project/project-code/guitar_tuner/guitar_tuner.sdk/design_1_wrapper_hw_platform_0/ps7_init.tcl
targets -set -nocase -filter {name =~"APU*" && jtag_cable_name =~ "Digilent Zybo 210279A42867A"} -index 0
loadhw -hw /home/user/Documents/temp/embedded-final-project/project-code/guitar_tuner/guitar_tuner.sdk/design_1_wrapper_hw_platform_0/system.hdf -mem-ranges [list {0x40000000 0xbfffffff}]
configparams force-mem-access 1
targets -set -nocase -filter {name =~"APU*" && jtag_cable_name =~ "Digilent Zybo 210279A42867A"} -index 0
stop
ps7_init
ps7_post_config
targets -set -nocase -filter {name =~ "ARM*#0" && jtag_cable_name =~ "Digilent Zybo 210279A42867A"} -index 0
rst -processor
targets -set -nocase -filter {name =~ "ARM*#0" && jtag_cable_name =~ "Digilent Zybo 210279A42867A"} -index 0
dow /home/user/Documents/temp/embedded-final-project/project-code/guitar_tuner/guitar_tuner.sdk/guitar-tuner/Debug/guitar-tuner.elf
configparams force-mem-access 0
----------------End of Script----------------

14:07:47 INFO  : Context for processor 'ps7_cortexa9_0' is selected.
14:07:47 INFO  : 'con' command is executed.
14:07:47 INFO  : ----------------XSDB Script (After Launch)----------------
targets -set -nocase -filter {name =~ "ARM*#0" && jtag_cable_name =~ "Digilent Zybo 210279A42867A"} -index 0
con
----------------End of Script----------------

14:07:47 INFO  : Disconnected from the channel tcfchan#1.
14:08:33 INFO  : 'targets -set -filter {jtag_cable_name =~ "Digilent Zybo 210279A42867A" && level==0} -index 1' command is executed.
14:08:33 INFO  : 'fpga -state' command is executed.
14:08:33 INFO  : Connected to target on host '127.0.0.1' and port '3121'.
14:08:33 INFO  : Jtag cable 'Digilent Zybo 210279A42867A' is selected.
14:08:33 INFO  : 'jtag frequency' command is executed.
14:08:33 INFO  : Sourcing of '/home/user/Documents/temp/embedded-final-project/project-code/guitar_tuner/guitar_tuner.sdk/design_1_wrapper_hw_platform_0/ps7_init.tcl' is done.
14:08:33 INFO  : Context for 'APU' is selected.
14:08:34 INFO  : Hardware design information is loaded from '/home/user/Documents/temp/embedded-final-project/project-code/guitar_tuner/guitar_tuner.sdk/design_1_wrapper_hw_platform_0/system.hdf'.
14:08:34 INFO  : 'configparams force-mem-access 1' command is executed.
14:08:34 INFO  : Context for 'APU' is selected.
14:08:34 INFO  : 'stop' command is executed.
14:08:34 INFO  : 'ps7_init' command is executed.
14:08:34 INFO  : 'ps7_post_config' command is executed.
14:08:34 INFO  : Context for processor 'ps7_cortexa9_0' is selected.
14:08:34 INFO  : Processor reset is completed for 'ps7_cortexa9_0'.
14:08:34 INFO  : Context for processor 'ps7_cortexa9_0' is selected.
14:08:35 INFO  : The application '/home/user/Documents/temp/embedded-final-project/project-code/guitar_tuner/guitar_tuner.sdk/guitar-tuner/Debug/guitar-tuner.elf' is downloaded to processor 'ps7_cortexa9_0'.
14:08:35 INFO  : 'configparams force-mem-access 0' command is executed.
14:08:35 INFO  : ----------------XSDB Script----------------
connect -url tcp:127.0.0.1:3121
source /home/user/Documents/temp/embedded-final-project/project-code/guitar_tuner/guitar_tuner.sdk/design_1_wrapper_hw_platform_0/ps7_init.tcl
targets -set -nocase -filter {name =~"APU*" && jtag_cable_name =~ "Digilent Zybo 210279A42867A"} -index 0
loadhw -hw /home/user/Documents/temp/embedded-final-project/project-code/guitar_tuner/guitar_tuner.sdk/design_1_wrapper_hw_platform_0/system.hdf -mem-ranges [list {0x40000000 0xbfffffff}]
configparams force-mem-access 1
targets -set -nocase -filter {name =~"APU*" && jtag_cable_name =~ "Digilent Zybo 210279A42867A"} -index 0
stop
ps7_init
ps7_post_config
targets -set -nocase -filter {name =~ "ARM*#0" && jtag_cable_name =~ "Digilent Zybo 210279A42867A"} -index 0
rst -processor
targets -set -nocase -filter {name =~ "ARM*#0" && jtag_cable_name =~ "Digilent Zybo 210279A42867A"} -index 0
dow /home/user/Documents/temp/embedded-final-project/project-code/guitar_tuner/guitar_tuner.sdk/guitar-tuner/Debug/guitar-tuner.elf
configparams force-mem-access 0
----------------End of Script----------------

14:08:35 INFO  : Context for processor 'ps7_cortexa9_0' is selected.
14:08:35 INFO  : 'con' command is executed.
14:08:35 INFO  : ----------------XSDB Script (After Launch)----------------
targets -set -nocase -filter {name =~ "ARM*#0" && jtag_cable_name =~ "Digilent Zybo 210279A42867A"} -index 0
con
----------------End of Script----------------

14:08:35 INFO  : Disconnected from the channel tcfchan#2.
14:09:35 INFO  : 'targets -set -filter {jtag_cable_name =~ "Digilent Zybo 210279A42867A" && level==0} -index 1' command is executed.
14:09:35 INFO  : 'fpga -state' command is executed.
14:09:35 INFO  : Connected to target on host '127.0.0.1' and port '3121'.
14:09:36 INFO  : Jtag cable 'Digilent Zybo 210279A42867A' is selected.
14:09:36 INFO  : 'jtag frequency' command is executed.
14:09:36 INFO  : Sourcing of '/home/user/Documents/temp/embedded-final-project/project-code/guitar_tuner/guitar_tuner.sdk/design_1_wrapper_hw_platform_0/ps7_init.tcl' is done.
14:09:36 INFO  : Context for 'APU' is selected.
14:09:37 INFO  : Hardware design information is loaded from '/home/user/Documents/temp/embedded-final-project/project-code/guitar_tuner/guitar_tuner.sdk/design_1_wrapper_hw_platform_0/system.hdf'.
14:09:37 INFO  : 'configparams force-mem-access 1' command is executed.
14:09:37 INFO  : Context for 'APU' is selected.
14:09:37 INFO  : 'stop' command is executed.
14:09:37 INFO  : 'ps7_init' command is executed.
14:09:37 INFO  : 'ps7_post_config' command is executed.
14:09:37 INFO  : Context for processor 'ps7_cortexa9_0' is selected.
14:09:37 INFO  : Processor reset is completed for 'ps7_cortexa9_0'.
14:09:37 INFO  : Context for processor 'ps7_cortexa9_0' is selected.
14:09:37 INFO  : The application '/home/user/Documents/temp/embedded-final-project/project-code/guitar_tuner/guitar_tuner.sdk/guitar-tuner/Debug/guitar-tuner.elf' is downloaded to processor 'ps7_cortexa9_0'.
14:09:37 INFO  : 'configparams force-mem-access 0' command is executed.
14:09:37 INFO  : ----------------XSDB Script----------------
connect -url tcp:127.0.0.1:3121
source /home/user/Documents/temp/embedded-final-project/project-code/guitar_tuner/guitar_tuner.sdk/design_1_wrapper_hw_platform_0/ps7_init.tcl
targets -set -nocase -filter {name =~"APU*" && jtag_cable_name =~ "Digilent Zybo 210279A42867A"} -index 0
loadhw -hw /home/user/Documents/temp/embedded-final-project/project-code/guitar_tuner/guitar_tuner.sdk/design_1_wrapper_hw_platform_0/system.hdf -mem-ranges [list {0x40000000 0xbfffffff}]
configparams force-mem-access 1
targets -set -nocase -filter {name =~"APU*" && jtag_cable_name =~ "Digilent Zybo 210279A42867A"} -index 0
stop
ps7_init
ps7_post_config
targets -set -nocase -filter {name =~ "ARM*#0" && jtag_cable_name =~ "Digilent Zybo 210279A42867A"} -index 0
rst -processor
targets -set -nocase -filter {name =~ "ARM*#0" && jtag_cable_name =~ "Digilent Zybo 210279A42867A"} -index 0
dow /home/user/Documents/temp/embedded-final-project/project-code/guitar_tuner/guitar_tuner.sdk/guitar-tuner/Debug/guitar-tuner.elf
configparams force-mem-access 0
----------------End of Script----------------

14:09:37 INFO  : Context for processor 'ps7_cortexa9_0' is selected.
14:09:37 INFO  : 'con' command is executed.
14:09:37 INFO  : ----------------XSDB Script (After Launch)----------------
targets -set -nocase -filter {name =~ "ARM*#0" && jtag_cable_name =~ "Digilent Zybo 210279A42867A"} -index 0
con
----------------End of Script----------------

14:09:37 INFO  : Disconnected from the channel tcfchan#3.
14:11:09 INFO  : 'targets -set -filter {jtag_cable_name =~ "Digilent Zybo 210279A42867A" && level==0} -index 1' command is executed.
14:11:09 INFO  : 'fpga -state' command is executed.
14:11:09 INFO  : Connected to target on host '127.0.0.1' and port '3121'.
14:11:09 INFO  : Jtag cable 'Digilent Zybo 210279A42867A' is selected.
14:11:09 INFO  : 'jtag frequency' command is executed.
14:11:09 INFO  : Sourcing of '/home/user/Documents/temp/embedded-final-project/project-code/guitar_tuner/guitar_tuner.sdk/design_1_wrapper_hw_platform_0/ps7_init.tcl' is done.
14:11:09 INFO  : Context for 'APU' is selected.
14:11:11 INFO  : Hardware design information is loaded from '/home/user/Documents/temp/embedded-final-project/project-code/guitar_tuner/guitar_tuner.sdk/design_1_wrapper_hw_platform_0/system.hdf'.
14:11:11 INFO  : 'configparams force-mem-access 1' command is executed.
14:11:11 INFO  : Context for 'APU' is selected.
14:11:11 INFO  : 'stop' command is executed.
14:11:11 INFO  : 'ps7_init' command is executed.
14:11:11 INFO  : 'ps7_post_config' command is executed.
14:11:11 INFO  : Context for processor 'ps7_cortexa9_0' is selected.
14:11:11 INFO  : Processor reset is completed for 'ps7_cortexa9_0'.
14:11:11 INFO  : Context for processor 'ps7_cortexa9_0' is selected.
14:11:11 INFO  : The application '/home/user/Documents/temp/embedded-final-project/project-code/guitar_tuner/guitar_tuner.sdk/guitar-tuner/Debug/guitar-tuner.elf' is downloaded to processor 'ps7_cortexa9_0'.
14:11:11 INFO  : 'configparams force-mem-access 0' command is executed.
14:11:11 INFO  : ----------------XSDB Script----------------
connect -url tcp:127.0.0.1:3121
source /home/user/Documents/temp/embedded-final-project/project-code/guitar_tuner/guitar_tuner.sdk/design_1_wrapper_hw_platform_0/ps7_init.tcl
targets -set -nocase -filter {name =~"APU*" && jtag_cable_name =~ "Digilent Zybo 210279A42867A"} -index 0
loadhw -hw /home/user/Documents/temp/embedded-final-project/project-code/guitar_tuner/guitar_tuner.sdk/design_1_wrapper_hw_platform_0/system.hdf -mem-ranges [list {0x40000000 0xbfffffff}]
configparams force-mem-access 1
targets -set -nocase -filter {name =~"APU*" && jtag_cable_name =~ "Digilent Zybo 210279A42867A"} -index 0
stop
ps7_init
ps7_post_config
targets -set -nocase -filter {name =~ "ARM*#0" && jtag_cable_name =~ "Digilent Zybo 210279A42867A"} -index 0
rst -processor
targets -set -nocase -filter {name =~ "ARM*#0" && jtag_cable_name =~ "Digilent Zybo 210279A42867A"} -index 0
dow /home/user/Documents/temp/embedded-final-project/project-code/guitar_tuner/guitar_tuner.sdk/guitar-tuner/Debug/guitar-tuner.elf
configparams force-mem-access 0
----------------End of Script----------------

14:11:11 INFO  : Context for processor 'ps7_cortexa9_0' is selected.
14:11:11 INFO  : 'con' command is executed.
14:11:11 INFO  : ----------------XSDB Script (After Launch)----------------
targets -set -nocase -filter {name =~ "ARM*#0" && jtag_cable_name =~ "Digilent Zybo 210279A42867A"} -index 0
con
----------------End of Script----------------

14:11:11 INFO  : Disconnected from the channel tcfchan#4.
14:11:31 INFO  : 'targets -set -filter {jtag_cable_name =~ "Digilent Zybo 210279A42867A" && level==0} -index 1' command is executed.
14:11:31 INFO  : 'fpga -state' command is executed.
14:11:31 INFO  : Connected to target on host '127.0.0.1' and port '3121'.
14:11:31 INFO  : Jtag cable 'Digilent Zybo 210279A42867A' is selected.
14:11:31 INFO  : 'jtag frequency' command is executed.
14:11:31 INFO  : Sourcing of '/home/user/Documents/temp/embedded-final-project/project-code/guitar_tuner/guitar_tuner.sdk/design_1_wrapper_hw_platform_0/ps7_init.tcl' is done.
14:11:31 INFO  : Context for 'APU' is selected.
14:11:32 INFO  : Hardware design information is loaded from '/home/user/Documents/temp/embedded-final-project/project-code/guitar_tuner/guitar_tuner.sdk/design_1_wrapper_hw_platform_0/system.hdf'.
14:11:32 INFO  : 'configparams force-mem-access 1' command is executed.
14:11:32 INFO  : Context for 'APU' is selected.
14:11:32 INFO  : 'stop' command is executed.
14:11:33 INFO  : 'ps7_init' command is executed.
14:11:33 INFO  : 'ps7_post_config' command is executed.
14:11:33 INFO  : Context for processor 'ps7_cortexa9_0' is selected.
14:11:33 INFO  : Processor reset is completed for 'ps7_cortexa9_0'.
14:11:33 INFO  : Context for processor 'ps7_cortexa9_0' is selected.
14:11:33 INFO  : The application '/home/user/Documents/temp/embedded-final-project/project-code/guitar_tuner/guitar_tuner.sdk/guitar-tuner/Debug/guitar-tuner.elf' is downloaded to processor 'ps7_cortexa9_0'.
14:11:33 INFO  : 'configparams force-mem-access 0' command is executed.
14:11:33 INFO  : ----------------XSDB Script----------------
connect -url tcp:127.0.0.1:3121
source /home/user/Documents/temp/embedded-final-project/project-code/guitar_tuner/guitar_tuner.sdk/design_1_wrapper_hw_platform_0/ps7_init.tcl
targets -set -nocase -filter {name =~"APU*" && jtag_cable_name =~ "Digilent Zybo 210279A42867A"} -index 0
loadhw -hw /home/user/Documents/temp/embedded-final-project/project-code/guitar_tuner/guitar_tuner.sdk/design_1_wrapper_hw_platform_0/system.hdf -mem-ranges [list {0x40000000 0xbfffffff}]
configparams force-mem-access 1
targets -set -nocase -filter {name =~"APU*" && jtag_cable_name =~ "Digilent Zybo 210279A42867A"} -index 0
stop
ps7_init
ps7_post_config
targets -set -nocase -filter {name =~ "ARM*#0" && jtag_cable_name =~ "Digilent Zybo 210279A42867A"} -index 0
rst -processor
targets -set -nocase -filter {name =~ "ARM*#0" && jtag_cable_name =~ "Digilent Zybo 210279A42867A"} -index 0
dow /home/user/Documents/temp/embedded-final-project/project-code/guitar_tuner/guitar_tuner.sdk/guitar-tuner/Debug/guitar-tuner.elf
configparams force-mem-access 0
----------------End of Script----------------

14:11:33 INFO  : Context for processor 'ps7_cortexa9_0' is selected.
14:11:33 INFO  : 'con' command is executed.
14:11:33 INFO  : ----------------XSDB Script (After Launch)----------------
targets -set -nocase -filter {name =~ "ARM*#0" && jtag_cable_name =~ "Digilent Zybo 210279A42867A"} -index 0
con
----------------End of Script----------------

14:11:33 INFO  : Disconnected from the channel tcfchan#5.
14:12:03 INFO  : 'targets -set -filter {jtag_cable_name =~ "Digilent Zybo 210279A42867A" && level==0} -index 1' command is executed.
14:12:03 INFO  : 'fpga -state' command is executed.
14:12:03 INFO  : Connected to target on host '127.0.0.1' and port '3121'.
14:12:04 INFO  : Jtag cable 'Digilent Zybo 210279A42867A' is selected.
14:12:04 INFO  : 'jtag frequency' command is executed.
14:12:04 INFO  : Sourcing of '/home/user/Documents/temp/embedded-final-project/project-code/guitar_tuner/guitar_tuner.sdk/design_1_wrapper_hw_platform_0/ps7_init.tcl' is done.
14:12:04 INFO  : Context for 'APU' is selected.
14:12:05 INFO  : Hardware design information is loaded from '/home/user/Documents/temp/embedded-final-project/project-code/guitar_tuner/guitar_tuner.sdk/design_1_wrapper_hw_platform_0/system.hdf'.
14:12:05 INFO  : 'configparams force-mem-access 1' command is executed.
14:12:05 INFO  : Context for 'APU' is selected.
14:12:05 INFO  : 'stop' command is executed.
14:12:05 INFO  : 'ps7_init' command is executed.
14:12:05 INFO  : 'ps7_post_config' command is executed.
14:12:05 INFO  : Context for processor 'ps7_cortexa9_0' is selected.
14:12:05 INFO  : Processor reset is completed for 'ps7_cortexa9_0'.
14:12:05 INFO  : Context for processor 'ps7_cortexa9_0' is selected.
14:12:05 INFO  : The application '/home/user/Documents/temp/embedded-final-project/project-code/guitar_tuner/guitar_tuner.sdk/guitar-tuner/Debug/guitar-tuner.elf' is downloaded to processor 'ps7_cortexa9_0'.
14:12:05 INFO  : 'configparams force-mem-access 0' command is executed.
14:12:05 INFO  : ----------------XSDB Script----------------
connect -url tcp:127.0.0.1:3121
source /home/user/Documents/temp/embedded-final-project/project-code/guitar_tuner/guitar_tuner.sdk/design_1_wrapper_hw_platform_0/ps7_init.tcl
targets -set -nocase -filter {name =~"APU*" && jtag_cable_name =~ "Digilent Zybo 210279A42867A"} -index 0
loadhw -hw /home/user/Documents/temp/embedded-final-project/project-code/guitar_tuner/guitar_tuner.sdk/design_1_wrapper_hw_platform_0/system.hdf -mem-ranges [list {0x40000000 0xbfffffff}]
configparams force-mem-access 1
targets -set -nocase -filter {name =~"APU*" && jtag_cable_name =~ "Digilent Zybo 210279A42867A"} -index 0
stop
ps7_init
ps7_post_config
targets -set -nocase -filter {name =~ "ARM*#0" && jtag_cable_name =~ "Digilent Zybo 210279A42867A"} -index 0
rst -processor
targets -set -nocase -filter {name =~ "ARM*#0" && jtag_cable_name =~ "Digilent Zybo 210279A42867A"} -index 0
dow /home/user/Documents/temp/embedded-final-project/project-code/guitar_tuner/guitar_tuner.sdk/guitar-tuner/Debug/guitar-tuner.elf
configparams force-mem-access 0
----------------End of Script----------------

14:12:05 INFO  : Context for processor 'ps7_cortexa9_0' is selected.
14:12:05 INFO  : 'con' command is executed.
14:12:05 INFO  : ----------------XSDB Script (After Launch)----------------
targets -set -nocase -filter {name =~ "ARM*#0" && jtag_cable_name =~ "Digilent Zybo 210279A42867A"} -index 0
con
----------------End of Script----------------

14:12:05 INFO  : Disconnected from the channel tcfchan#6.
14:12:23 INFO  : 'targets -set -filter {jtag_cable_name =~ "Digilent Zybo 210279A42867A" && level==0} -index 1' command is executed.
14:12:23 INFO  : 'fpga -state' command is executed.
14:12:23 INFO  : Connected to target on host '127.0.0.1' and port '3121'.
14:12:23 INFO  : Jtag cable 'Digilent Zybo 210279A42867A' is selected.
14:12:23 INFO  : 'jtag frequency' command is executed.
14:12:23 INFO  : Sourcing of '/home/user/Documents/temp/embedded-final-project/project-code/guitar_tuner/guitar_tuner.sdk/design_1_wrapper_hw_platform_0/ps7_init.tcl' is done.
14:12:23 INFO  : Context for 'APU' is selected.
14:12:24 INFO  : Hardware design information is loaded from '/home/user/Documents/temp/embedded-final-project/project-code/guitar_tuner/guitar_tuner.sdk/design_1_wrapper_hw_platform_0/system.hdf'.
14:12:24 INFO  : 'configparams force-mem-access 1' command is executed.
14:12:24 INFO  : Context for 'APU' is selected.
14:12:24 INFO  : 'stop' command is executed.
14:12:24 INFO  : 'ps7_init' command is executed.
14:12:24 INFO  : 'ps7_post_config' command is executed.
14:12:24 INFO  : Context for processor 'ps7_cortexa9_0' is selected.
14:12:24 INFO  : Processor reset is completed for 'ps7_cortexa9_0'.
14:12:25 INFO  : Context for processor 'ps7_cortexa9_0' is selected.
14:12:25 INFO  : The application '/home/user/Documents/temp/embedded-final-project/project-code/guitar_tuner/guitar_tuner.sdk/guitar-tuner/Debug/guitar-tuner.elf' is downloaded to processor 'ps7_cortexa9_0'.
14:12:25 INFO  : 'configparams force-mem-access 0' command is executed.
14:12:25 INFO  : ----------------XSDB Script----------------
connect -url tcp:127.0.0.1:3121
source /home/user/Documents/temp/embedded-final-project/project-code/guitar_tuner/guitar_tuner.sdk/design_1_wrapper_hw_platform_0/ps7_init.tcl
targets -set -nocase -filter {name =~"APU*" && jtag_cable_name =~ "Digilent Zybo 210279A42867A"} -index 0
loadhw -hw /home/user/Documents/temp/embedded-final-project/project-code/guitar_tuner/guitar_tuner.sdk/design_1_wrapper_hw_platform_0/system.hdf -mem-ranges [list {0x40000000 0xbfffffff}]
configparams force-mem-access 1
targets -set -nocase -filter {name =~"APU*" && jtag_cable_name =~ "Digilent Zybo 210279A42867A"} -index 0
stop
ps7_init
ps7_post_config
targets -set -nocase -filter {name =~ "ARM*#0" && jtag_cable_name =~ "Digilent Zybo 210279A42867A"} -index 0
rst -processor
targets -set -nocase -filter {name =~ "ARM*#0" && jtag_cable_name =~ "Digilent Zybo 210279A42867A"} -index 0
dow /home/user/Documents/temp/embedded-final-project/project-code/guitar_tuner/guitar_tuner.sdk/guitar-tuner/Debug/guitar-tuner.elf
configparams force-mem-access 0
----------------End of Script----------------

14:12:25 INFO  : Context for processor 'ps7_cortexa9_0' is selected.
14:12:25 INFO  : 'con' command is executed.
14:12:25 INFO  : ----------------XSDB Script (After Launch)----------------
targets -set -nocase -filter {name =~ "ARM*#0" && jtag_cable_name =~ "Digilent Zybo 210279A42867A"} -index 0
con
----------------End of Script----------------

14:12:25 INFO  : Disconnected from the channel tcfchan#7.
14:13:17 INFO  : 'targets -set -filter {jtag_cable_name =~ "Digilent Zybo 210279A42867A" && level==0} -index 1' command is executed.
14:13:17 INFO  : 'fpga -state' command is executed.
14:13:17 INFO  : Connected to target on host '127.0.0.1' and port '3121'.
14:13:17 INFO  : Jtag cable 'Digilent Zybo 210279A42867A' is selected.
14:13:17 INFO  : 'jtag frequency' command is executed.
14:13:17 INFO  : Sourcing of '/home/user/Documents/temp/embedded-final-project/project-code/guitar_tuner/guitar_tuner.sdk/design_1_wrapper_hw_platform_0/ps7_init.tcl' is done.
14:13:17 INFO  : Context for 'APU' is selected.
14:13:19 INFO  : Hardware design information is loaded from '/home/user/Documents/temp/embedded-final-project/project-code/guitar_tuner/guitar_tuner.sdk/design_1_wrapper_hw_platform_0/system.hdf'.
14:13:19 INFO  : 'configparams force-mem-access 1' command is executed.
14:13:19 INFO  : Context for 'APU' is selected.
14:13:19 INFO  : 'stop' command is executed.
14:13:19 INFO  : 'ps7_init' command is executed.
14:13:19 INFO  : 'ps7_post_config' command is executed.
14:13:19 INFO  : Context for processor 'ps7_cortexa9_0' is selected.
14:13:19 INFO  : Processor reset is completed for 'ps7_cortexa9_0'.
14:13:19 INFO  : Context for processor 'ps7_cortexa9_0' is selected.
14:13:19 INFO  : The application '/home/user/Documents/temp/embedded-final-project/project-code/guitar_tuner/guitar_tuner.sdk/guitar-tuner/Debug/guitar-tuner.elf' is downloaded to processor 'ps7_cortexa9_0'.
14:13:19 INFO  : 'configparams force-mem-access 0' command is executed.
14:13:19 INFO  : ----------------XSDB Script----------------
connect -url tcp:127.0.0.1:3121
source /home/user/Documents/temp/embedded-final-project/project-code/guitar_tuner/guitar_tuner.sdk/design_1_wrapper_hw_platform_0/ps7_init.tcl
targets -set -nocase -filter {name =~"APU*" && jtag_cable_name =~ "Digilent Zybo 210279A42867A"} -index 0
loadhw -hw /home/user/Documents/temp/embedded-final-project/project-code/guitar_tuner/guitar_tuner.sdk/design_1_wrapper_hw_platform_0/system.hdf -mem-ranges [list {0x40000000 0xbfffffff}]
configparams force-mem-access 1
targets -set -nocase -filter {name =~"APU*" && jtag_cable_name =~ "Digilent Zybo 210279A42867A"} -index 0
stop
ps7_init
ps7_post_config
targets -set -nocase -filter {name =~ "ARM*#0" && jtag_cable_name =~ "Digilent Zybo 210279A42867A"} -index 0
rst -processor
targets -set -nocase -filter {name =~ "ARM*#0" && jtag_cable_name =~ "Digilent Zybo 210279A42867A"} -index 0
dow /home/user/Documents/temp/embedded-final-project/project-code/guitar_tuner/guitar_tuner.sdk/guitar-tuner/Debug/guitar-tuner.elf
configparams force-mem-access 0
----------------End of Script----------------

14:13:19 INFO  : Context for processor 'ps7_cortexa9_0' is selected.
14:13:19 INFO  : 'con' command is executed.
14:13:19 INFO  : ----------------XSDB Script (After Launch)----------------
targets -set -nocase -filter {name =~ "ARM*#0" && jtag_cable_name =~ "Digilent Zybo 210279A42867A"} -index 0
con
----------------End of Script----------------

14:13:19 INFO  : Disconnected from the channel tcfchan#8.
