#-----------------------------------------------------------
# Vivado v2018.2 (64-bit)
# SW Build 2258646 on Thu Jun 14 20:02:38 MDT 2018
# IP Build 2256618 on Thu Jun 14 22:10:49 MDT 2018
# Start of session at: Mon Dec 16 14:40:06 2019
# Process ID: 27873
# Current directory: /home/user/Documents/embedded-final-project/project-code/guitar_tone
# Command line: vivado .
# Log file: /home/user/Documents/embedded-final-project/project-code/guitar_tone/vivado.log
# Journal file: /home/user/Documents/embedded-final-project/project-code/guitar_tone/vivado.jou
#-----------------------------------------------------------
start_gui
open_project /home/user/Documents/embedded-final-project/project-code/guitar_tone/guitar_tone.xpr
Scanning sources...
Finished scanning sources
WARNING: [filemgmt 56-3] IPUserFilesDir: Could not find the directory '/home/user/Documents/embedded-final-project/project-code/guitar_tone/guitar_tone.ip_user_files'.
INFO: [IP_Flow 19-234] Refreshing IP repositories
INFO: [IP_Flow 19-1700] Loaded user IP repository '/home/user/Documents/embedded-final-project/project-code/nco_ip'.
INFO: [IP_Flow 19-1700] Loaded user IP repository '/home/user/Documents/embedded-final-project/project-code/audio_ip'.
INFO: [IP_Flow 19-1700] Loaded user IP repository '/home/user/Documents/embedded-final-project/project-code/lms_ip'.
INFO: [IP_Flow 19-2313] Loaded Vivado IP repository '/usr/local/xilinx/Vivado/2018.2/data/ip'.
open_project: Time (s): cpu = 00:00:15 ; elapsed = 00:00:06 . Memory (MB): peak = 6217.398 ; gain = 169.449 ; free physical = 10872 ; free virtual = 28951
update_compile_order -fileset sources_1
open_bd_design {/home/user/Documents/embedded-final-project/project-code/guitar_tone/guitar_tone.srcs/sources_1/bd/ip_design/ip_design.bd}
Adding cell -- xilinx.com:hls:nco:1.0 - nco_0
Adding cell -- ac.uk:user:lms_pcore:1.0 - lms_pcore_0
Adding cell -- xilinx.com:ip:processing_system7:5.5 - processing_system7_0
Adding cell -- xilinx.com:ip:proc_sys_reset:5.0 - rst_ps7_0_100M
Adding cell -- xilinx.com:xilinx:zybo_audio_ctrl:1.0 - zybo_audio_ctrl_0
Adding cell -- xilinx.com:ip:axi_gpio:2.0 - axi_gpio_0
Adding cell -- xilinx.com:ip:axi_gpio:2.0 - axi_gpio_1
Adding cell -- xilinx.com:ip:axi_crossbar:2.1 - xbar
Adding cell -- xilinx.com:ip:axi_protocol_converter:2.1 - auto_pc
Successfully read diagram <ip_design> from BD file </home/user/Documents/embedded-final-project/project-code/guitar_tone/guitar_tone.srcs/sources_1/bd/ip_design/ip_design.bd>
exit
INFO: [Common 17-206] Exiting Vivado at Mon Dec 16 14:41:30 2019...
